  academic_records.cpp
c:\vs project\edu-reusita\academic_records.h(65): warning C4566: character represented by universal-character-name '\u0103' cannot be represented in the current code page (1251)
c:\vs project\edu-reusita\academic_records.h(69): warning C4566: character represented by universal-character-name '\u0103' cannot be represented in the current code page (1251)
c:\vs project\edu-reusita\academic_records.h(327): warning C4267: 'return': conversion from 'size_t' to 'short', possible loss of data
c:\vs project\edu-reusita\academic_records.cpp(17): warning C4566: character represented by universal-character-name '\u0219' cannot be represented in the current code page (1251)
c:\vs project\edu-reusita\academic_records.cpp(17): warning C4566: character represented by universal-character-name '\u0103' cannot be represented in the current code page (1251)
c:\vs project\edu-reusita\academic_records.cpp(205): warning C4566: character represented by universal-character-name '\u00EE' cannot be represented in the current code page (1251)
c:\vs project\edu-reusita\academic_records.cpp(205): warning C4566: character represented by universal-character-name '\u0103' cannot be represented in the current code page (1251)
c:\vs project\edu-reusita\academic_records.cpp(902): warning C4566: character represented by universal-character-name '\u0103' cannot be represented in the current code page (1251)
c:\vs project\edu-reusita\academic_records.cpp(1008): warning C4566: character represented by universal-character-name '\u0103' cannot be represented in the current code page (1251)
c:\vs project\edu-reusita\academic_records.cpp(1008): warning C4566: character represented by universal-character-name '\u021B' cannot be represented in the current code page (1251)
c:\vs project\edu-reusita\academic_records.cpp(1020): warning C4566: character represented by universal-character-name '\u0219' cannot be represented in the current code page (1251)
c:\vs project\edu-reusita\academic_records.cpp(1020): warning C4566: character represented by universal-character-name '\u0103' cannot be represented in the current code page (1251)
c:\vs project\edu-reusita\academic_records.cpp(1020): warning C4566: character represented by universal-character-name '\u021B' cannot be represented in the current code page (1251)
c:\vs project\edu-reusita\academic_records.cpp(1028): warning C4566: character represented by universal-character-name '\u0103' cannot be represented in the current code page (1251)
c:\vs project\edu-reusita\academic_records.cpp(1034): warning C4566: character represented by universal-character-name '\u021B' cannot be represented in the current code page (1251)
c:\vs project\edu-reusita\academic_records.cpp(1034): warning C4566: character represented by universal-character-name '\u00EE' cannot be represented in the current code page (1251)
c:\vs project\edu-reusita\academic_records.cpp(1039): warning C4566: character represented by universal-character-name '\u021B' cannot be represented in the current code page (1251)
c:\vs project\edu-reusita\academic_records.cpp(1047): warning C4566: character represented by universal-character-name '\u0219' cannot be represented in the current code page (1251)
c:\vs project\edu-reusita\academic_records.cpp(1047): warning C4566: character represented by universal-character-name '\u0103' cannot be represented in the current code page (1251)
c:\vs project\edu-reusita\academic_records.cpp(1047): warning C4566: character represented by universal-character-name '\u021B' cannot be represented in the current code page (1251)
c:\vs project\edu-reusita\academic_records.cpp(1055): warning C4566: character represented by universal-character-name '\u0103' cannot be represented in the current code page (1251)
c:\vs project\edu-reusita\academic_records.cpp(1070): warning C4566: character represented by universal-character-name '\u021B' cannot be represented in the current code page (1251)
c:\vs project\edu-reusita\academic_records.cpp(1070): warning C4566: character represented by universal-character-name '\u0103' cannot be represented in the current code page (1251)
c:\vs project\edu-reusita\academic_records.cpp(1097): warning C4566: character represented by universal-character-name '\u021B' cannot be represented in the current code page (1251)
c:\vs project\edu-reusita\academic_records.cpp(1105): warning C4566: character represented by universal-character-name '\u0103' cannot be represented in the current code page (1251)
c:\vs project\edu-reusita\academic_records.cpp(1130): warning C4566: character represented by universal-character-name '\u021B' cannot be represented in the current code page (1251)
c:\vs project\edu-reusita\academic_records.cpp(1136): warning C4566: character represented by universal-character-name '\u0103' cannot be represented in the current code page (1251)
c:\vs project\edu-reusita\academic_records.cpp(1147): warning C4566: character represented by universal-character-name '\u021B' cannot be represented in the current code page (1251)
c:\vs project\edu-reusita\academic_records.cpp(1155): warning C4566: character represented by universal-character-name '\u0103' cannot be represented in the current code page (1251)
c:\vs project\edu-reusita\academic_records.cpp(1160): warning C4566: character represented by universal-character-name '\u021B' cannot be represented in the current code page (1251)
c:\vs project\edu-reusita\academic_records.cpp(1169): warning C4566: character represented by universal-character-name '\u0103' cannot be represented in the current code page (1251)
c:\vs project\edu-reusita\academic_records.cpp(1196): warning C4566: character represented by universal-character-name '\u0103' cannot be represented in the current code page (1251)
c:\vs project\edu-reusita\academic_records.cpp(1196): warning C4566: character represented by universal-character-name '\u00EE' cannot be represented in the current code page (1251)
c:\vs project\edu-reusita\academic_records.cpp(1257): warning C4566: character represented by universal-character-name '\u021B' cannot be represented in the current code page (1251)
c:\vs project\edu-reusita\academic_records.cpp(1257): warning C4566: character represented by universal-character-name '\u00EE' cannot be represented in the current code page (1251)
c:\vs project\edu-reusita\academic_records.cpp(1257): warning C4566: character represented by universal-character-name '\u0103' cannot be represented in the current code page (1251)
c:\vs project\edu-reusita\academic_records.cpp(1300): warning C4566: character represented by universal-character-name '\u0103' cannot be represented in the current code page (1251)
c:\vs project\edu-reusita\academic_records.cpp(1300): warning C4566: character represented by universal-character-name '\u00EE' cannot be represented in the current code page (1251)
c:\vs project\edu-reusita\academic_records.cpp(1333): warning C4566: character represented by universal-character-name '\u0103' cannot be represented in the current code page (1251)
c:\vs project\edu-reusita\academic_records.cpp(1338): warning C4566: character represented by universal-character-name '\u0103' cannot be represented in the current code page (1251)
c:\vs project\edu-reusita\academic_records.cpp(1343): warning C4566: character represented by universal-character-name '\u021B' cannot be represented in the current code page (1251)
c:\vs project\edu-reusita\academic_records.cpp(1514): warning C4267: '=': conversion from 'size_t' to 'short', possible loss of data
c:\vs project\edu-reusita\academic_records.cpp(1610): warning C4267: 'argument': conversion from 'size_t' to 'int', possible loss of data
c:\vs project\edu-reusita\academic_records.cpp(1640): warning C4566: character represented by universal-character-name '\u0103' cannot be represented in the current code page (1251)
  EDU-Reusita.cpp
c:\vs project\edu-reusita\academic_records.h(65): warning C4566: character represented by universal-character-name '\u0103' cannot be represented in the current code page (1251)
c:\vs project\edu-reusita\academic_records.h(69): warning C4566: character represented by universal-character-name '\u0103' cannot be represented in the current code page (1251)
c:\vs project\edu-reusita\academic_records.h(327): warning C4267: 'return': conversion from 'size_t' to 'short', possible loss of data
LINK : fatal error LNK1181: cannot open input file 'libcrypto.lib'
