  academic_records.cpp
c:\vs project\edu-reusita\academic_records.cpp(126): warning C4566: character represented by universal-character-name '\u00EE' cannot be represented in the current code page (1251)
c:\vs project\edu-reusita\academic_records.cpp(126): warning C4566: character represented by universal-character-name '\u0103' cannot be represented in the current code page (1251)
c:\vs project\edu-reusita\academic_records.cpp(646): warning C4566: character represented by universal-character-name '\u0103' cannot be represented in the current code page (1251)
c:\vs project\edu-reusita\academic_records.cpp(752): warning C4566: character represented by universal-character-name '\u0103' cannot be represented in the current code page (1251)
c:\vs project\edu-reusita\academic_records.cpp(752): warning C4566: character represented by universal-character-name '\u021B' cannot be represented in the current code page (1251)
c:\vs project\edu-reusita\academic_records.cpp(764): warning C4566: character represented by universal-character-name '\u0219' cannot be represented in the current code page (1251)
c:\vs project\edu-reusita\academic_records.cpp(764): warning C4566: character represented by universal-character-name '\u0103' cannot be represented in the current code page (1251)
c:\vs project\edu-reusita\academic_records.cpp(764): warning C4566: character represented by universal-character-name '\u021B' cannot be represented in the current code page (1251)
c:\vs project\edu-reusita\academic_records.cpp(772): warning C4566: character represented by universal-character-name '\u0103' cannot be represented in the current code page (1251)
c:\vs project\edu-reusita\academic_records.cpp(778): warning C4566: character represented by universal-character-name '\u021B' cannot be represented in the current code page (1251)
c:\vs project\edu-reusita\academic_records.cpp(778): warning C4566: character represented by universal-character-name '\u00EE' cannot be represented in the current code page (1251)
c:\vs project\edu-reusita\academic_records.cpp(783): warning C4566: character represented by universal-character-name '\u021B' cannot be represented in the current code page (1251)
c:\vs project\edu-reusita\academic_records.cpp(791): warning C4566: character represented by universal-character-name '\u0219' cannot be represented in the current code page (1251)
c:\vs project\edu-reusita\academic_records.cpp(791): warning C4566: character represented by universal-character-name '\u0103' cannot be represented in the current code page (1251)
c:\vs project\edu-reusita\academic_records.cpp(791): warning C4566: character represented by universal-character-name '\u021B' cannot be represented in the current code page (1251)
c:\vs project\edu-reusita\academic_records.cpp(799): warning C4566: character represented by universal-character-name '\u0103' cannot be represented in the current code page (1251)
c:\vs project\edu-reusita\academic_records.cpp(814): warning C4566: character represented by universal-character-name '\u021B' cannot be represented in the current code page (1251)
c:\vs project\edu-reusita\academic_records.cpp(814): warning C4566: character represented by universal-character-name '\u0103' cannot be represented in the current code page (1251)
c:\vs project\edu-reusita\academic_records.cpp(822): warning C4566: character represented by universal-character-name '\u0103' cannot be represented in the current code page (1251)
c:\vs project\edu-reusita\academic_records.cpp(822): warning C4566: character represented by universal-character-name '\u00EE' cannot be represented in the current code page (1251)
c:\vs project\edu-reusita\academic_records.cpp(864): warning C4566: character represented by universal-character-name '\u021B' cannot be represented in the current code page (1251)
c:\vs project\edu-reusita\academic_records.cpp(864): warning C4566: character represented by universal-character-name '\u00EE' cannot be represented in the current code page (1251)
c:\vs project\edu-reusita\academic_records.cpp(864): warning C4566: character represented by universal-character-name '\u0103' cannot be represented in the current code page (1251)
c:\vs project\edu-reusita\academic_records.cpp(888): warning C4566: character represented by universal-character-name '\u0103' cannot be represented in the current code page (1251)
c:\vs project\edu-reusita\academic_records.cpp(888): warning C4566: character represented by universal-character-name '\u00EE' cannot be represented in the current code page (1251)
c:\vs project\edu-reusita\academic_records.cpp(921): warning C4566: character represented by universal-character-name '\u0103' cannot be represented in the current code page (1251)
c:\vs project\edu-reusita\academic_records.cpp(926): warning C4566: character represented by universal-character-name '\u0103' cannot be represented in the current code page (1251)
c:\vs project\edu-reusita\academic_records.cpp(931): warning C4566: character represented by universal-character-name '\u021B' cannot be represented in the current code page (1251)
c:\vs project\edu-reusita\academic_records.cpp(997): warning C4267: '=': conversion from 'size_t' to 'short', possible loss of data
c:\vs project\edu-reusita\academic_records.cpp(1103): warning C4566: character represented by universal-character-name '\u0103' cannot be represented in the current code page (1251)
c:\vs project\edu-reusita\academic_records.cpp(982): warning C4715: 'Catedra::authenticate_student': not all control paths return a value
  EDU-Reusita.vcxproj -> C:\VS project\EDU-Reusita\Debug\EDU-Reusita.exe
